<?xml version="1.0" encoding="UTF-8"?>
<testsuite xmlns:xsi="http://www.w3.org/2001/XMLSchema-instance" xsi:noNamespaceSchemaLocation="https://maven.apache.org/surefire/maven-surefire-plugin/xsd/surefire-test-report.xsd" version="3.0.2" name="com.example.telematics_fleet_management.TelematicsFleetManagementApplicationTests" time="15.103" tests="1" errors="0" skipped="0" failures="0" flakes="0">
  <properties>
[...]
</properties>
  <testcase name="contextLoads" classname="com.example.telematics_fleet_management.TelematicsFleetManagementApplicationTests" time="0.038">
    <system-out><![CDATA[04:32:01.901 [main] INFO org.springframework.test.context.support.AnnotationConfigContextLoaderUtils -- Could not detect default configuration classes for test class [com.example.telematics_fleet_management.TelematicsFleetManagementApplicationTests]: TelematicsFleetManagementApplicationTests does not declare any static, non-private, non-final, nested classes annotated with @Configuration.
04:32:02.300 [main] INFO org.springframework.boot.test.context.SpringBootTestContextBootstrapper -- Found @SpringBootConfiguration com.example.telematics_fleet_management.TelematicsFleetManagementApplication for test class com.example.telematics_fleet_management.TelematicsFleetManagementApplicationTests
04:32:02.517 [main] INFO org.springframework.test.context.support.AnnotationConfigContextLoaderUtils -- Could not detect default configuration classes for test class [com.example.telematics_fleet_management.TelematicsFleetManagementApplicationTests]: TelematicsFleetManagementApplicationTests does not declare any static, non-private, non-final, nested classes annotated with @Configuration.
04:32:02.528 [main] INFO org.springframework.boot.test.context.SpringBootTestContextBootstrapper -- Found @SpringBootConfiguration com.example.telematics_fleet_management.TelematicsFleetManagementApplication for test class com.example.telematics_fleet_management.TelematicsFleetManagementApplicationTests

  .   ____          _            __ _ _
 /\\ / ___'_ __ _ _(_)_ __  __ _ \ \ \ \
( ( )\___ | '_ | '_| | '_ \/ _` | \ \ \ \
 \\/  ___)| |_)| | | | | || (_| |  ) ) ) )
  '  |____| .__|_| |_|_| |_\__, | / / / /
 =========|_|==============|___/=/_/_/_/

 :: Spring Boot ::                (v4.0.6)

2026-07-12T04:32:03.454+05:30  INFO 25336 --- [telematics-fleet-management] [           main] elematicsFleetManagementApplicationTests : Starting TelematicsFleetManagementApplicationTests using Java 21 with PID 25336 (started by 2505420 in C:\Users\2505420\Desktop\New folder\CVTMS-main)
2026-07-12T04:32:03.458+05:30  INFO 25336 --- [telematics-fleet-management] [           main] elematicsFleetManagementApplicationTests : No active profile set, falling back to 1 default profile: "default"
2026-07-12T04:32:04.881+05:30  INFO 25336 --- [telematics-fleet-management] [           main] .s.d.r.c.RepositoryConfigurationDelegate : Bootstrapping Spring Data JPA repositories in DEFAULT mode.
2026-07-12T04:32:05.034+05:30  INFO 25336 --- [telematics-fleet-management] [           main] .s.d.r.c.RepositoryConfigurationDelegate : Finished Spring Data repository scanning in 136 ms. Found 7 JPA repository interfaces.
2026-07-12T04:32:06.392+05:30  INFO 25336 --- [telematics-fleet-management] [           main] org.hibernate.orm.jpa                    : HHH008540: Processing PersistenceUnitInfo [name: default]
2026-07-12T04:32:06.622+05:30  INFO 25336 --- [telematics-fleet-management] [           main] org.hibernate.orm.core                   : HHH000001: Hibernate ORM core version 7.2.12.Final
2026-07-12T04:32:07.460+05:30  INFO 25336 --- [telematics-fleet-management] [           main] o.s.o.j.p.SpringPersistenceUnitInfo      : No LoadTimeWeaver setup: ignoring JPA class transformer
2026-07-12T04:32:07.537+05:30  INFO 25336 --- [telematics-fleet-management] [           main] com.zaxxer.hikari.HikariDataSource       : HikariPool-1 - Starting...
2026-07-12T04:32:08.023+05:30  INFO 25336 --- [telematics-fleet-management] [           main] com.zaxxer.hikari.pool.HikariPool        : HikariPool-1 - Added connection com.mysql.cj.jdbc.ConnectionImpl@3a83cfbc
2026-07-12T04:32:08.031+05:30  INFO 25336 --- [telematics-fleet-management] [           main] com.zaxxer.hikari.HikariDataSource       : HikariPool-1 - Start completed.
2026-07-12T04:32:08.189+05:30  WARN 25336 --- [telematics-fleet-management] [           main] org.hibernate.orm.deprecation            : HHH90000025: MySQLDialect does not need to be specified explicitly using 'hibernate.dialect' (remove the property setting and it will be selected by default)
2026-07-12T04:32:08.251+05:30  INFO 25336 --- [telematics-fleet-management] [           main] org.hibernate.orm.connections.pooling    : HHH10001005: Database info:
	Database JDBC URL [jdbc:mysql://localhost:3306/fleetmanagement?createDatabaseIfNotExist=true&useSSL=false&allowPublicKeyRetrieval=true&serverTimezone=UTC]
	Database driver: MySQL Connector/J
	Database dialect: MySQLDialect
	Database version: 8.0.46
	Default catalog/schema: fleetmanagement/undefined
	Autocommit mode: undefined/unknown
	Isolation level: REPEATABLE_READ [default REPEATABLE_READ]
	JDBC fetch size: none
	Pool: DataSourceConnectionProvider
	Minimum pool size: undefined/unknown
	Maximum pool size: undefined/unknown
2026-07-12T04:32:10.265+05:30  INFO 25336 --- [telematics-fleet-management] [           main] org.hibernate.orm.core                   : HHH000489: No JTA platform available (set 'hibernate.transaction.jta.platform' to enable JTA platform integration)
Hibernate: alter table driver_score drop foreign key FKfs5evmotueqw1vev36eqxpsf4
Hibernate: alter table driver_score drop foreign key FK3hm3eyefuot63g12g4uqac9h4
Hibernate: alter table fuel_log drop foreign key FK87s6ms0vswc3qnn1iqj2wqo5d
Hibernate: alter table service_record drop foreign key FKjb8h28088ieuklg5kv0t542u2
Hibernate: alter table telemetry drop foreign key FK2ohe13nas41u2d7m71chtxi8k
Hibernate: alter table trip drop foreign key FKt8aft89h9daylf97vkd58cb86
Hibernate: alter table trip drop foreign key FKrji8htecrp06ao6s7nfubswnr
Hibernate: drop table if exists driver_score
Hibernate: drop table if exists fuel_log
Hibernate: drop table if exists service_record
Hibernate: drop table if exists telemetry
Hibernate: drop table if exists trip
Hibernate: drop table if exists user
Hibernate: drop table if exists vehicle
Hibernate: create table driver_score (driver_id integer, harsh_event_count integer not null, overspeed_count integer not null, safety_score float(53), score_id integer not null auto_increment, scoring_date date, vehicle_id integer, primary key (score_id)) engine=InnoDB
Hibernate: create table fuel_log (cost_amount float(53), fuel_log_id integer not null auto_increment, litres_refilled float(53), odometer_reading integer not null, refill_date date, vehicle_id integer, primary key (fuel_log_id)) engine=InnoDB
Hibernate: create table service_record (next_service_due_date date, odometer_reading integer not null, service_cost float(53), service_date date, service_record_id integer not null auto_increment, vehicle_id integer, service_type varchar(255), primary key (service_record_id)) engine=InnoDB
Hibernate: create table telemetry (fuel_level float(53), latitude float(53), longitude float(53), speed float(53), telemetry_id integer not null auto_increment, vehicle_id integer, recorded_at datetime(6), primary key (telemetry_id)) engine=InnoDB
Hibernate: create table trip (distance_km float(53), driver_id integer, trip_id integer not null auto_increment, trip_status tinyint check ((trip_status between 0 and 2)), vehicle_id integer, end_time datetime(6), start_time datetime(6), primary key (trip_id)) engine=InnoDB
Hibernate: create table user (user_id integer not null auto_increment, email varchar(255), password varchar(255), username varchar(255), role enum ('ADMIN','DRIVER','FLEET_MANAGER','OPERATIONS_ANALYST','SAFETY_OFFICER','SERVICE_ENGINEER'), primary key (user_id)) engine=InnoDB
Hibernate: create table vehicle (registration_number integer not null, vehicle_id integer not null auto_increment, vehicle_status tinyint check ((vehicle_status between 0 and 3)), device_imei varchar(255), vehicle_type varchar(255), vin varchar(255), primary key (vehicle_id)) engine=InnoDB
Hibernate: alter table driver_score add constraint FKfs5evmotueqw1vev36eqxpsf4 foreign key (driver_id) references user (user_id)
Hibernate: alter table driver_score add constraint FK3hm3eyefuot63g12g4uqac9h4 foreign key (vehicle_id) references vehicle (vehicle_id)
Hibernate: alter table fuel_log add constraint FK87s6ms0vswc3qnn1iqj2wqo5d foreign key (vehicle_id) references vehicle (vehicle_id)
Hibernate: alter table service_record add constraint FKjb8h28088ieuklg5kv0t542u2 foreign key (vehicle_id) references vehicle (vehicle_id)
Hibernate: alter table telemetry add constraint FK2ohe13nas41u2d7m71chtxi8k foreign key (vehicle_id) references vehicle (vehicle_id)
Hibernate: alter table trip add constraint FKt8aft89h9daylf97vkd58cb86 foreign key (driver_id) references user (user_id)
Hibernate: alter table trip add constraint FKrji8htecrp06ao6s7nfubswnr foreign key (vehicle_id) references vehicle (vehicle_id)
2026-07-12T04:32:12.079+05:30  INFO 25336 --- [telematics-fleet-management] [           main] j.LocalContainerEntityManagerFactoryBean : Initialized JPA EntityManagerFactory for persistence unit 'default'
2026-07-12T04:32:12.344+05:30  INFO 25336 --- [telematics-fleet-management] [           main] o.s.d.j.r.query.QueryEnhancerFactories   : Hibernate is in classpath; If applicable, HQL parser will be used.
2026-07-12T04:32:13.575+05:30  INFO 25336 --- [telematics-fleet-management] [           main] r$InitializeUserDetailsManagerConfigurer : Global AuthenticationManager configured with UserDetailsService bean with name userDetailsService
2026-07-12T04:32:15.391+05:30  INFO 25336 --- [telematics-fleet-management] [           main] elematicsFleetManagementApplicationTests : Started TelematicsFleetManagementApplicationTests in 12.7 seconds (process running for 19.645)
Hibernate: select v1_0.vehicle_id,v1_0.device_imei,v1_0.registration_number,v1_0.vehicle_status,v1_0.vehicle_type,v1_0.vin from vehicle v1_0
Hibernate: select count(*) from user u1_0
2026-07-12T04:32:16.301+05:30  INFO 25336 --- [telematics-fleet-management] [           main] c.e.t.utils.DummyUserGenerator           : Generated dummy users for the fleet management system
Hibernate: insert into user (email,password,role,username) values (?,?,?,?)
Hibernate: select u1_0.user_id,u1_0.email,u1_0.password,u1_0.role,u1_0.username from user u1_0 where u1_0.email=?
2026-07-12T04:32:16.460+05:30  INFO 25336 --- [telematics-fleet-management] [   scheduling-1] c.e.t.s.TelemetrySimulationService       : Telemetry data generated for all vehicles.
Hibernate: insert into user (email,password,role,username) values (?,?,?,?)
Hibernate: insert into user (email,password,role,username) values (?,?,?,?)
Hibernate: insert into user (email,password,role,username) values (?,?,?,?)
Hibernate: insert into user (email,password,role,username) values (?,?,?,?)
Hibernate: insert into user (email,password,role,username) values (?,?,?,?)
2026-07-12T04:32:16.507+05:30  INFO 25336 --- [telematics-fleet-management] [           main] c.e.t.config.DataLoader                  : Dummy users inserted.
Hibernate: select count(*) from vehicle v1_0
2026-07-12T04:32:16.515+05:30  INFO 25336 --- [telematics-fleet-management] [           main] c.e.t.utils.DummyVehicleGenerator        : Generated dummy vehicles
Hibernate: insert into vehicle (device_imei,registration_number,vehicle_status,vehicle_type,vin) values (?,?,?,?,?)
2026-07-12T04:32:16.530+05:30  INFO 25336 --- [telematics-fleet-management] [           main] c.e.t.config.DataLoader                  : Dummy vehicles inserted.
2026-07-12T04:32:16.531+05:30  INFO 25336 --- [telematics-fleet-management] [           main] c.e.t.config.DataLoader                  : Dummy data loaded successfully.
]]></system-out>
  </testcase>
</testsuite>